
RAxML-NG v. 0.9.0 released on 20.05.2019 by The Exelixis Lab.
Developed by: Alexey M. Kozlov and Alexandros Stamatakis.
Contributors: Diego Darriba, Tomas Flouri, Benoit Morel, Sarah Lutteropp, Ben Bettisworth.
Latest version: https://github.com/amkozlov/raxml-ng
Questions/problems/suggestions? Please visit: https://groups.google.com/forum/#!forum/raxml

RAxML-NG was called at 19-Jun-2020 21:22:52 as follows:

raxml-ng --evaluate --seed 1234 --log progress --threads 4 --msa bacteroidales_seqs_filt_aligned.bacteria.mask.fna --model GTR+G --tree RAxML_fastTree.bacteroidales_raxml_tree_GTRCAT --brlen scaled --prefix GTRCAT

Analysis options:
  run mode: Evaluate tree likelihood
  start tree(s): user
  random seed: 1234
  tip-inner: OFF
  pattern compression: ON
  per-rate scalers: OFF
  site repeats: ON
  branch lengths: proportional (ML estimate, algorithm: NR-FAST)
  SIMD kernels: AVX2
  parallelization: PTHREADS (4 threads), thread pinning: OFF

[00:00:00] Reading alignment from file: bacteroidales_seqs_filt_aligned.bacteria.mask.fna
[00:00:00] Loaded alignment with 63 taxa and 1551 sites

Alignment comprises 1 partitions and 532 patterns

Partition 0: noname
Model: GTR+FO+G4m
Alignment sites / patterns: 1551 / 532
Gaps: 2.18 %
Invariant sites: 60.80 %


NOTE: Binary MSA file created: GTRCAT.raxml.rba

[00:00:00] Loading user starting tree(s) from: RAxML_fastTree.bacteroidales_raxml_tree_GTRCAT
[00:00:00] Data distribution: max. partitions/sites/weight per thread: 1 / 133 / 2128

Evaluating 1 trees

[00:00:00] Tree #1, initial LogLikelihood: -22100.261538

[00:00:00 -22100.261538] Initial branch length optimization
[00:00:00 -20032.059326] Model parameter optimization (eps = 0.100000)

[00:00:00] Tree #1, final logLikelihood: -18653.460664


Optimized model parameters:

   Partition 0: noname
   Rate heterogeneity: GAMMA (4 cats, mean),  alpha: 0.218730 (ML),  weights&rates: (0.250000,0.000959) (0.250000,0.045231) (0.250000,0.430754) (0.250000,3.523055) 
   Base frequencies (ML): 0.238556 0.207599 0.296143 0.257702 
   Substitution rates (ML): 1.134402 2.200880 1.425810 0.784591 3.171862 1.000000 


Final LogLikelihood: -18653.460664

AIC score: 37570.921328 / AICc score: 37595.682964 / BIC score: 38276.679810
Free parameters (model + branch lengths): 132

Best ML tree saved to: /dss/dsshome1/lxc00/ga92yuh2/comparative_metagenomics/input/bacteroidales_aligned/GTRCAT.raxml.bestTree
Optimized model saved to: /dss/dsshome1/lxc00/ga92yuh2/comparative_metagenomics/input/bacteroidales_aligned/GTRCAT.raxml.bestModel

Execution log saved to: /dss/dsshome1/lxc00/ga92yuh2/comparative_metagenomics/input/bacteroidales_aligned/GTRCAT.raxml.log

Analysis started: 19-Jun-2020 21:22:52 / finished: 19-Jun-2020 21:22:53

Elapsed time: 0.631 seconds

