# _ssu-align :: align SSU rRNA sequences
# SSU-ALIGN 0.1.1 (Feb 2016)
# Copyright (C) 2016 Howard Hughes Medical Institute
# Freely distributed under the BSD open source license.
# - - - - - - - - - - - - - - - - - - - - - - - - - - - - - - - - - - - -
# command: _ssu-align --dna Lactobacillus_16S_renamed_filt.fna Lactobacillus_16S_renamed_filt_aligned
# date:    Wed Jun 17 12:06:20 2020

Printing global hask key as read from ssu.pm:

Global hash key: DF_ALIMASK_PFRACT    value: 0.95
Global hash key: DF_ALIMASK_PTHRESH   value: 0.95
Global hash key: DF_CMALIGN_OPTS      value:  --no-null3 --sub 
Global hash key: DF_CMBUILD_GAPTHRESH value: 0.8
Global hash key: DF_CMSEARCH_ALG_FLAG value:  --viterbi
Global hash key: DF_CMSEARCH_OPTS     value:  --hmm-cW 1.5 --no-null3 --noalign 
Global hash key: DF_CMSEARCH_T        value: -1
Global hash key: DF_CM_FILE           value: /home/adamsorbie/miniconda3/envs/bioinfo/share/ssu-align-0.1.1/ssu-align-0p1.cm
Global hash key: DF_MASK_FILE         value: /home/adamsorbie/miniconda3/envs/bioinfo/share/ssu-align-0.1.1/ssu-align-0p1.mask
Global hash key: DF_MERGE_INIT_WAIT_SECS value: 3
Global hash key: DF_MINBIT            value: 50
Global hash key: DF_MINLEN            value: 1
Global hash key: DF_MXSIZE            value: 4096
Global hash key: DF_NO_NAME           value: <NONE>
Global hash key: DF_TEMPLATE_FILE     value: /home/adamsorbie/miniconda3/envs/bioinfo/share/ssu-align-0.1.1/ssu-align-0p1.ps
Global hash key: VERSION              value: 0.1
Global hash key: VERSION_PSTR         value: 0p1
Global hash key: cmalign              value: ssu-cmalign
Global hash key: cmbuild              value: ssu-cmbuild
Global hash key: cmsearch             value: ssu-cmsearch
Global hash key: esl-alimanip         value: ssu-esl-alimanip
Global hash key: esl-alimask          value: ssu-esl-alimask
Global hash key: esl-alimerge         value: ssu-esl-alimerge
Global hash key: esl-alistat          value: ssu-esl-alistat
Global hash key: esl-reformat         value: ssu-esl-reformat
Global hash key: esl-seqstat          value: ssu-esl-seqstat
Global hash key: esl-sfetch           value: ssu-esl-sfetch
Global hash key: esl-ssdraw           value: ssu-esl-ssdraw
Global hash key: esl-weight           value: ssu-esl-weight
Global hash key: ps2pdf               value: ps2pdf
Global hash key: ssu-align            value: ssu-align
Global hash key: ssu-merge            value: ssu-merge

Executing:      ssu-esl-seqstat -h > /dev/null  2> Lactobacillus_16S_renamed_filt_aligned/ssutmp0erraa32383
Returned:       0
Output (STDOUT) sent to /dev/null.
Output (STDERR): ***NONE***

About to remove file (Lactobacillus_16S_renamed_filt_aligned/ssutmp0erraa32383) with perl's unlink function ... done.

Executing:      ssu-cmsearch -h > /dev/null  2> Lactobacillus_16S_renamed_filt_aligned/ssutmp1erraa32383
Returned:       0
Output (STDOUT) sent to /dev/null.
Output (STDERR): ***NONE***

About to remove file (Lactobacillus_16S_renamed_filt_aligned/ssutmp1erraa32383) with perl's unlink function ... done.

Executing:      ssu-esl-sfetch -h > /dev/null  2> Lactobacillus_16S_renamed_filt_aligned/ssutmp2erraa32383
Returned:       0
Output (STDOUT) sent to /dev/null.
Output (STDERR): ***NONE***

About to remove file (Lactobacillus_16S_renamed_filt_aligned/ssutmp2erraa32383) with perl's unlink function ... done.

Executing:      ssu-esl-reformat -h > /dev/null  2> Lactobacillus_16S_renamed_filt_aligned/ssutmp3erraa32383
Returned:       0
Output (STDOUT) sent to /dev/null.
Output (STDERR): ***NONE***

About to remove file (Lactobacillus_16S_renamed_filt_aligned/ssutmp3erraa32383) with perl's unlink function ... done.

Executing:      ssu-cmalign -h > /dev/null  2> Lactobacillus_16S_renamed_filt_aligned/ssutmp4erraa32383
Returned:       0
Output (STDOUT) sent to /dev/null.
Output (STDERR): ***NONE***

About to remove file (Lactobacillus_16S_renamed_filt_aligned/ssutmp4erraa32383) with perl's unlink function ... done.

Executing:      ssu-esl-seqstat --rna -a Lactobacillus_16S_renamed_filt.fna > Lactobacillus_16S_renamed_filt_aligned/Lactobacillus_16S_renamed_filt_aligned.seqstat  2> Lactobacillus_16S_renamed_filt_aligned/ssutmp5erraa32383
Returned:       0
Output (STDOUT) saved in file Lactobacillus_16S_renamed_filt_aligned/Lactobacillus_16S_renamed_filt_aligned.seqstat.
Output (STDERR): ***NONE***

About to remove file (Lactobacillus_16S_renamed_filt_aligned/ssutmp5erraa32383) with perl's unlink function ... done.

About to remove file (Lactobacillus_16S_renamed_filt_aligned/Lactobacillus_16S_renamed_filt_aligned.seqstat) with perl's unlink function ... done.

Executing:      ssu-cmsearch --hmm-cW 1.5 --no-null3 --noalign -T -1 --tab Lactobacillus_16S_renamed_filt_aligned/Lactobacillus_16S_renamed_filt_aligned.tab --viterbi /home/adamsorbie/miniconda3/envs/bioinfo/share/ssu-align-0.1.1/ssu-align-0p1.cm Lactobacillus_16S_renamed_filt.fna > Lactobacillus_16S_renamed_filt_aligned/Lactobacillus_16S_renamed_filt_aligned.cmsearch  2> Lactobacillus_16S_renamed_filt_aligned/ssutmp6erraa32383
Returned:       0
Output (STDOUT) saved in file Lactobacillus_16S_renamed_filt_aligned/Lactobacillus_16S_renamed_filt_aligned.cmsearch.
Output (STDERR): ***NONE***

About to remove file (Lactobacillus_16S_renamed_filt_aligned/ssutmp6erraa32383) with perl's unlink function ... done.

About to remove file (Lactobacillus_16S_renamed_filt_aligned/Lactobacillus_16S_renamed_filt_aligned.cmsearch) with perl's unlink function ... done.

Executing:      ssu-esl-sfetch --index Lactobacillus_16S_renamed_filt.fna > Lactobacillus_16S_renamed_filt_aligned/ssutmp7outaa32383  2> Lactobacillus_16S_renamed_filt_aligned/ssutmp7erraa32383
Returned:       0
Output (STDOUT): 
Creating SSI index for Lactobacillus_16S_renamed_filt.fna...    done.
Indexed 155 sequences (155 names).
SSI index written to file Lactobacillus_16S_renamed_filt.fna.ssi

Output (STDERR): ***NONE***

About to remove file (Lactobacillus_16S_renamed_filt_aligned/ssutmp7outaa32383) with perl's unlink function ... done.

About to remove file (Lactobacillus_16S_renamed_filt_aligned/ssutmp7erraa32383) with perl's unlink function ... done.

Executing:      ssu-esl-sfetch -Cf Lactobacillus_16S_renamed_filt.fna Lactobacillus_16S_renamed_filt_aligned/Lactobacillus_16S_renamed_filt_aligned.bacteria.sfetch | ssu-esl-reformat -o Lactobacillus_16S_renamed_filt_aligned/Lactobacillus_16S_renamed_filt_aligned.bacteria.fa --informat fasta -d fasta - > Lactobacillus_16S_renamed_filt_aligned/ssutmp8outaa32383  2> Lactobacillus_16S_renamed_filt_aligned/ssutmp8erraa32383
Returned:       0
Output (STDOUT): ***NONE***
Output (STDERR): ***NONE***

About to remove file (Lactobacillus_16S_renamed_filt_aligned/ssutmp8outaa32383) with perl's unlink function ... done.

About to remove file (Lactobacillus_16S_renamed_filt_aligned/ssutmp8erraa32383) with perl's unlink function ... done.

About to remove file (Lactobacillus_16S_renamed_filt_aligned/Lactobacillus_16S_renamed_filt_aligned.bacteria.sfetch) with perl's unlink function ... done.

Executing:      ssu-cmalign --cm-name bacteria --dna --mxsize 4096 --no-null3 --sub --ifile Lactobacillus_16S_renamed_filt_aligned/Lactobacillus_16S_renamed_filt_aligned.bacteria.ifile -o Lactobacillus_16S_renamed_filt_aligned/Lactobacillus_16S_renamed_filt_aligned.bacteria.stk /home/adamsorbie/miniconda3/envs/bioinfo/share/ssu-align-0.1.1/ssu-align-0p1.cm Lactobacillus_16S_renamed_filt_aligned/Lactobacillus_16S_renamed_filt_aligned.bacteria.fa > Lactobacillus_16S_renamed_filt_aligned/Lactobacillus_16S_renamed_filt_aligned.bacteria.cmalign  2> Lactobacillus_16S_renamed_filt_aligned/ssutmp9erraa32383
Returned:       0
Output (STDOUT) saved in file Lactobacillus_16S_renamed_filt_aligned/Lactobacillus_16S_renamed_filt_aligned.bacteria.cmalign.
Output (STDERR): ***NONE***

About to remove file (Lactobacillus_16S_renamed_filt_aligned/ssutmp9erraa32383) with perl's unlink function ... done.

About to remove file (Lactobacillus_16S_renamed_filt_aligned/Lactobacillus_16S_renamed_filt_aligned.nomatch) with perl's unlink function ... done.

About to remove file (Lactobacillus_16S_renamed_filt.fna.ssi) with perl's unlink function ... done.

Wed Jun 17 12:12:06 CEST 2020
Linux DESKTOP-PKGMS24 4.19.84-microsoft-standard #1 SMP Wed Nov 13 11:44:37 UTC 2019 x86_64 x86_64 x86_64 GNU/Linux
